#
# A fatal error has been detected by the Java Runtime Environment:
#
#  Internal Error (classFileParser.cpp:3494), pid=4372, tid=8836
#  Error: ShouldNotReachHere()
#
# JRE version: 6.0_39-b04
# Java VM: Java HotSpot(TM) 64-Bit Server VM (20.14-b01 mixed mode windows-amd64 compressed oops)
# If you would like to submit a bug report, please visit:
#   http://java.sun.com/webapps/bugreport/crash.jsp
#

---------------  T H R E A D  ---------------

Current thread (0x00000000005cb800):  JavaThread "Unknown thread" [_thread_in_vm, id=8836, stack(0x0000000002500000,0x0000000002600000)]

Stack: [0x0000000002500000,0x0000000002600000]
[error occurred during error reporting (printing stack bounds), id 0xc0000005]


---------------  P R O C E S S  ---------------

Java Threads: ( => current thread )

Other Threads:

=>0x00000000005cb800 (exited) JavaThread "Unknown thread" [_thread_in_vm, id=8836, stack(0x0000000002500000,0x0000000002600000)]

VM state:not at safepoint (not fully initialized)

VM Mutex/Monitor currently owned by a thread: None

Dynamic libraries:
0x0000000000400000 - 0x000000000042f000 	C:\JPMorgan\Java\jdk1.6.0_39\bin\javaw.exe
0x0000000077030000 - 0x00000000771d9000 	C:\Windows\SYSTEM32\ntdll.dll
0x0000000076f10000 - 0x000000007702f000 	C:\Windows\system32\kernel32.dll
0x000007fefce90000 - 0x000007fefcefb000 	C:\Windows\system32\KERNELBASE.dll
0x000007fefd380000 - 0x000007fefd45b000 	C:\Windows\system32\ADVAPI32.dll
0x000007fefd2b0000 - 0x000007fefd34f000 	C:\Windows\system32\msvcrt.dll
0x000007fefd290000 - 0x000007fefd2af000 	C:\Windows\SYSTEM32\sechost.dll
0x000007fefd900000 - 0x000007fefda2d000 	C:\Windows\system32\RPCRT4.dll
0x0000000076e10000 - 0x0000000076f0a000 	C:\Windows\system32\USER32.dll
0x000007fefea70000 - 0x000007fefead7000 	C:\Windows\system32\GDI32.dll
0x000007fefd350000 - 0x000007fefd35e000 	C:\Windows\system32\LPK.dll
0x000007feff270000 - 0x000007feff339000 	C:\Windows\system32\USP10.dll
0x000007fefd630000 - 0x000007fefd65e000 	C:\Windows\system32\IMM32.DLL
0x000007fefeae0000 - 0x000007fefebe9000 	C:\Windows\system32\MSCTF.dll
0x000000006d8c0000 - 0x000000006e07c000 	C:\JPMorgan\Java\jdk1.6.0_39\jre\bin\server\jvm.dll
0x000007fef9aa0000 - 0x000007fef9adb000 	C:\Windows\system32\WINMM.dll
0x000000006d830000 - 0x000000006d83e000 	C:\JPMorgan\Java\jdk1.6.0_39\jre\bin\verify.dll
0x000000006d450000 - 0x000000006d477000 	C:\JPMorgan\Java\jdk1.6.0_39\jre\bin\java.dll
0x000000006d880000 - 0x000000006d892000 	C:\JPMorgan\Java\jdk1.6.0_39\jre\bin\zip.dll
0x0000000077200000 - 0x0000000077207000 	C:\Windows\system32\PSAPI.DLL

VM Arguments:
jvm_args: -Dfile.encoding=Cp1252 -Xbootclasspath:C:\DEV\Android\adt-bundle-windows-x86_64-20131030\sdk\platforms\android-10\android.jar 
java_command: br.com.androidos.epgbrazilcabletv.application.EventFactory
Launcher Type: SUN_STANDARD

Environment Variables:
JAVA_HOME=C:\JPMorgan\Java\jdk1.6.0_39
PATH=C:/JPMorgan/Java/jdk1.6.0_39/bin/../jre/bin/server;C:/JPMorgan/Java/jdk1.6.0_39/bin/../jre/bin;C:/JPMorgan/Java/jdk1.6.0_39/bin/../jre/lib/amd64;C:\JPMorgan\Java\jdk1.6.0_39\bin;C:\oraclexe\app\oracle\product\10.2.0\server\bin;C:\Program Files\Common Files\Microsoft Shared\Windows Live;C:\Program Files (x86)\Common Files\Microsoft Shared\Windows Live;c:\Program Files (x86)\Intel\iCLS Client\;c:\Program Files\Intel\iCLS Client\;C:\Windows\system32;C:\Windows;C:\Windows\System32\Wbem;C:\Windows\System32\WindowsPowerShell\v1.0\;C:\Program Files\Intel\Intel(R) Management Engine Components\DAL;C:\Program Files\Intel\Intel(R) Management Engine Components\IPT;C:\Program Files (x86)\Intel\Intel(R) Management Engine Components\DAL;C:\Program Files (x86)\Intel\Intel(R) Management Engine Components\IPT;C:\Program Files (x86)\Windows Live\Shared;C:\Program Files (x86)\WinMerge;C:\Program Files (x86)\nodejs\;C:\DEV\vert.x-1.3.1.final\bin;C:\apache-maven-3.1.1\bin;C:\Program Files (x86)\Calibre2\;C:\DEV\Android\adt-bundle-windows-x86_64-20131030\sdk\tools;C:\DEV\Android\adt-bundle-windows-x86_64-20131030\sdk\platform-tools;C:\Users\gribeiro\AppData\Roaming\npm;C:\DEV\Android\adt-bundle-windows-x86_64-20131030\eclipse;
USERNAME=gribeiro
OS=Windows_NT
PROCESSOR_IDENTIFIER=Intel64 Family 6 Model 58 Stepping 9, GenuineIntel



---------------  S Y S T E M  ---------------

OS: Windows 7 , 64 bit Build 7601 Service Pack 1

CPU:total 4 (4 cores per cpu, 1 threads per core) family 6 model 58 stepping 9, cmov, cx8, fxsr, mmx, sse, sse2, sse3, ssse3, sse4.1, sse4.2, popcnt

Memory: 4k page, physical 8288324k(3124492k free), swap 16574784k(5223936k free)

vm_info: Java HotSpot(TM) 64-Bit Server VM (20.14-b01) for windows-amd64 JRE (1.6.0_39-b04), built on Jan 15 2013 13:05:14 by "java_re" with MS VC++ 8.0 (VS2005)

time: Mon Jan 27 16:20:08 2014
elapsed time: 0 seconds

